0 info it worked if it ends with ok
1 verbose cli [ '/Users/Cookie_Monster/.nvm/versions/node/v5.5.0/bin/node',
1 verbose cli   '/Users/Cookie_Monster/.nvm/versions/node/v5.5.0/bin/npm',
1 verbose cli   'run',
1 verbose cli   'watch-js' ]
2 info using npm@3.3.12
3 info using node@v5.5.0
4 verbose run-script [ 'prewatch-js', 'watch-js', 'postwatch-js' ]
5 info lifecycle browserify-example@1.0.0~prewatch-js: browserify-example@1.0.0
6 silly lifecycle browserify-example@1.0.0~prewatch-js: no script for prewatch-js, continuing
7 info lifecycle browserify-example@1.0.0~watch-js: browserify-example@1.0.0
8 verbose lifecycle browserify-example@1.0.0~watch-js: unsafe-perm in lifecycle true
9 verbose lifecycle browserify-example@1.0.0~watch-js: PATH: /Users/Cookie_Monster/.nvm/versions/node/v5.5.0/lib/node_modules/npm/bin/node-gyp-bin:/Users/Cookie_Monster/FeedHenry/FH-Projects/personal_projects/browserify/node_modules/.bin:/Users/Cookie_Monster/.nvm/versions/node/v5.5.0/bin:/Users/Cookie_Monster/bin/Sencha/Cmd/4.0.2.67:/usr/local/bin/mvim:/usr/local/bin:/usr/bin:/bin:/usr/sbin:/sbin:/usr/local/git/bin:/Users/Cookie_Monster/Development/adt-bundle-mac-x86/sdk/platform-tools:/Users/Cookie_Monster/Development/adt-bundle-mac-x86/sdk/tools:/usr/local/bin/jshint:/Users/Cookie_Monster/.rvm/bin
10 verbose lifecycle browserify-example@1.0.0~watch-js: CWD: /Users/Cookie_Monster/FeedHenry/FH-Projects/personal_projects/browserify
11 silly lifecycle browserify-example@1.0.0~watch-js: Args: [ '-c', 'watchify dev/main.js > www/bundle.js' ]
12 silly lifecycle browserify-example@1.0.0~watch-js: Returned: code: 1  signal: null
13 info lifecycle browserify-example@1.0.0~watch-js: Failed to exec watch-js script
14 verbose stack Error: browserify-example@1.0.0 watch-js: `watchify dev/main.js > www/bundle.js`
14 verbose stack Exit status 1
14 verbose stack     at EventEmitter.<anonymous> (/Users/Cookie_Monster/.nvm/versions/node/v5.5.0/lib/node_modules/npm/lib/utils/lifecycle.js:232:16)
14 verbose stack     at emitTwo (events.js:100:13)
14 verbose stack     at EventEmitter.emit (events.js:185:7)
14 verbose stack     at ChildProcess.<anonymous> (/Users/Cookie_Monster/.nvm/versions/node/v5.5.0/lib/node_modules/npm/lib/utils/spawn.js:24:14)
14 verbose stack     at emitTwo (events.js:100:13)
14 verbose stack     at ChildProcess.emit (events.js:185:7)
14 verbose stack     at maybeClose (internal/child_process.js:821:16)
14 verbose stack     at Process.ChildProcess._handle.onexit (internal/child_process.js:211:5)
15 verbose pkgid browserify-example@1.0.0
16 verbose cwd /Users/Cookie_Monster/FeedHenry/FH-Projects/personal_projects/browserify
17 error Darwin 15.2.0
18 error argv "/Users/Cookie_Monster/.nvm/versions/node/v5.5.0/bin/node" "/Users/Cookie_Monster/.nvm/versions/node/v5.5.0/bin/npm" "run" "watch-js"
19 error node v5.5.0
20 error npm  v3.3.12
21 error code ELIFECYCLE
22 error browserify-example@1.0.0 watch-js: `watchify dev/main.js > www/bundle.js`
22 error Exit status 1
23 error Failed at the browserify-example@1.0.0 watch-js script 'watchify dev/main.js > www/bundle.js'.
23 error Make sure you have the latest version of node.js and npm installed.
23 error If you do, this is most likely a problem with the browserify-example package,
23 error not with npm itself.
23 error Tell the author that this fails on your system:
23 error     watchify dev/main.js > www/bundle.js
23 error You can get their info via:
23 error     npm owner ls browserify-example
23 error There is likely additional logging output above.
24 verbose exit [ 1, true ]
